[main] INFO  ru.alexengovatov.TestSISoft  - Set settings
[main] INFO  ru.alexengovatov.TestSISoft  - Start Chrome
[main] INFO  ru.alexengovatov.TestSISoft  - Authorization
[main] INFO  ru.alexengovatov.TestSISoft  - Searching quantity of messages
[main] INFO  ru.alexengovatov.TestSISoft  - Save quantity of messages
[main] INFO  ru.alexengovatov.TestSISoft  - Writing message and send
[main] INFO  ru.alexengovatov.TestSISoft  - Test passed
[main] INFO  ru.alexengovatov.TestSISoft  - Set settings
[main] INFO  ru.alexengovatov.TestSISoft  - Start Chrome
[main] INFO  ru.alexengovatov.TestSISoft  - Authorization
[main] INFO  ru.alexengovatov.TestSISoft  - Searching quantity of messages
[main] INFO  ru.alexengovatov.TestSISoft  - Save quantity of messages
[main] INFO  ru.alexengovatov.TestSISoft  - Writing message and send
[main] INFO  ru.alexengovatov.TestSISoft  - Test passed
[main] INFO  ru.alexengovatov.TestSISoft  - Set settings
[main] INFO  ru.alexengovatov.TestSISoft  - Start Chrome
[main] INFO  ru.alexengovatov.TestSISoft  - Authorization
[main] INFO  ru.alexengovatov.TestSISoft  - Searching quantity of messages
[main] INFO  ru.alexengovatov.TestSISoft  - Save quantity of messages
[main] INFO  ru.alexengovatov.TestSISoft  - Writing message and send
[main] INFO  ru.alexengovatov.TestSISoft  - Test passed
[main] INFO  ru.alexengovatov.TestSISoft  - Set settings
[main] INFO  ru.alexengovatov.TestSISoft  - Start Chrome
[main] INFO  ru.alexengovatov.TestSISoft  - Authorization
[main] INFO  ru.alexengovatov.TestSISoft  - Searching quantity of messages
[main] INFO  ru.alexengovatov.TestSISoft  - Set settings
[main] INFO  ru.alexengovatov.TestSISoft  - Start Chrome
[main] INFO  ru.alexengovatov.TestSISoft  - Authorization
[main] INFO  ru.alexengovatov.TestSISoft  - Searching quantity of messages
[main] INFO  ru.alexengovatov.TestSISoft  - Set settings
[main] INFO  ru.alexengovatov.TestSISoft  - Start Chrome
[main] INFO  ru.alexengovatov.TestSISoft  - Authorization
[main] INFO  ru.alexengovatov.TestSISoft  - Searching quantity of messages
[main] INFO  ru.alexengovatov.TestSISoft  - Save quantity of messages
[main] INFO  ru.alexengovatov.TestSISoft  - Writing message and send
[main] INFO  ru.alexengovatov.TestSISoft  - Test passed
[main] INFO  ru.alexengovatov.TestSISoft  - Set settings
[main] INFO  ru.alexengovatov.TestSISoft  - Start Chrome
[main] INFO  ru.alexengovatov.TestSISoft  - Authorization
[main] INFO  ru.alexengovatov.TestSISoft  - Searching quantity of messages
[main] INFO  ru.alexengovatov.TestSISoft  - Save quantity of messages
[main] INFO  ru.alexengovatov.TestSISoft  - Writing message and send
[main] INFO  ru.alexengovatov.TestSISoft  - Test passed
[main] INFO  ru.alexengovatov.TestSISoft  - Set settings
[main] INFO  ru.alexengovatov.TestSISoft  - Start Chrome
[main] INFO  ru.alexengovatov.TestSISoft  - Authorization
[main] INFO  ru.alexengovatov.TestSISoft  - Searching quantity of messages
[main] INFO  ru.alexengovatov.TestSISoft  - Save quantity of messages
[main] INFO  ru.alexengovatov.TestSISoft  - Writing message and send
[main] INFO  ru.alexengovatov.TestSISoft  - Test passed
[main] INFO  ru.alexengovatov.TestSISoft  - Set settings
[main] INFO  ru.alexengovatov.TestSISoft  - Start Chrome
[main] INFO  ru.alexengovatov.TestSISoft  - Authorization
[main] INFO  ru.alexengovatov.TestSISoft  - Searching quantity of messages
[main] INFO  ru.alexengovatov.TestSISoft  - Save quantity of messages
[main] INFO  ru.alexengovatov.TestSISoft  - Writing message and send
[main] INFO  ru.alexengovatov.TestSISoft  - Test passed
[main] INFO  ru.alexengovatov.TestSISoft  - Set settings
[main] INFO  ru.alexengovatov.TestSISoft  - Start Chrome
[main] INFO  ru.alexengovatov.TestSISoft  - Authorization
[main] INFO  ru.alexengovatov.TestSISoft  - Searching quantity of messages
[main] INFO  ru.alexengovatov.TestSISoft  - Save quantity of messages
[main] INFO  ru.alexengovatov.TestSISoft  - Writing message and send
[main] INFO  ru.alexengovatov.TestSISoft  - Test passed
[main] INFO  ru.alexengovatov.TestSISoft  - Set settings
[main] INFO  ru.alexengovatov.TestSISoft  - Start Chrome
[main] INFO  ru.alexengovatov.TestSISoft  - Authorization
[main] INFO  ru.alexengovatov.TestSISoft  - Searching quantity of messages
[main] INFO  ru.alexengovatov.TestSISoft  - Save quantity of messages
[main] INFO  ru.alexengovatov.TestSISoft  - Writing message and send
[main] INFO  ru.alexengovatov.TestSISoft  - Test passed
[main] INFO  ru.alexengovatov.TestSISoft  - Set settings
[main] INFO  ru.alexengovatov.TestSISoft  - Start Chrome
[main] INFO  ru.alexengovatov.TestSISoft  - Set settings
[main] INFO  ru.alexengovatov.TestSISoft  - Start Chrome
[main] INFO  ru.alexengovatov.TestSISoft  - Authorization
[main] INFO  ru.alexengovatov.TestSISoft  - Set settings
[main] INFO  ru.alexengovatov.TestSISoft  - Start Chrome
[main] INFO  ru.alexengovatov.TestSISoft  - Authorization
[main] INFO  ru.alexengovatov.TestSISoft  - Set settings
[main] INFO  ru.alexengovatov.TestSISoft  - Start Chrome
[main] INFO  ru.alexengovatov.TestSISoft  - Authorization
[main] INFO  ru.alexengovatov.TestSISoft  - Set settings
[main] INFO  ru.alexengovatov.TestSISoft  - Start Chrome
[main] INFO  ru.alexengovatov.TestSISoft  - Authorization login page
[main] INFO  ru.alexengovatov.TestSISoft  - Authorization password page
[main] INFO  ru.alexengovatov.TestSISoft  - Searching quantity of messages
[main] INFO  ru.alexengovatov.TestSISoft  - Set settings
[main] INFO  ru.alexengovatov.TestSISoft  - Start Chrome
[main] INFO  ru.alexengovatov.TestSISoft  - Authorization login page
[main] INFO  ru.alexengovatov.TestSISoft  - Authorization password page
[main] INFO  ru.alexengovatov.TestSISoft  - Searching quantity of messages
[main] INFO  ru.alexengovatov.TestSISoft  - Set settings
[main] INFO  ru.alexengovatov.TestSISoft  - Start Chrome
[main] INFO  ru.alexengovatov.TestSISoft  - Authorization login page
[main] INFO  ru.alexengovatov.TestSISoft  - Authorization password page
[main] INFO  ru.alexengovatov.TestSISoft  - Searching quantity of messages
[main] INFO  ru.alexengovatov.TestSISoft  - Set settings
[main] INFO  ru.alexengovatov.TestSISoft  - Start Chrome
[main] INFO  ru.alexengovatov.TestSISoft  - Authorization login page
[main] INFO  ru.alexengovatov.TestSISoft  - Authorization password page
[main] INFO  ru.alexengovatov.TestSISoft  - Searching quantity of messages
[main] INFO  ru.alexengovatov.TestSISoft  - Save quantity of messages
[main] INFO  ru.alexengovatov.TestSISoft  - Writing message and send
[main] INFO  ru.alexengovatov.TestSISoft  - Test passed
